<?xml version="1.0" encoding="UTF-8"?>
<!-- Generated by org.testng.reporters.JUnitReportReporter -->
<testsuite hostname="Mouliharnadh" failures="0" tests="1" name="fitpeo.Fitpeo" time="11.750" errors="0" timestamp="2024-11-23T15:25:18 IST" skipped="0">
  <testcase classname="fitpeo.Fitpeo" name="wecheck_Revenue_Calculator" time="11.750"/>
</testsuite> <!-- fitpeo.Fitpeo -->
